<?xml version="1.0" encoding="UTF-8"?>
<!-- Generated by org.testng.reporters.JUnitXMLReporter -->
<testsuite hostname="ind496" name="Test" tests="11" failures="0" timestamp="30 Jan 2018 07:59:47 GMT" time="8.949" errors="0">
  <testcase name="postData" time="2.761" classname="RestApi.basics2"/>
  <testcase name="postData" time="0.352" classname="RestApi.basics4"/>
  <testcase name="test1" time="0.742" classname="RestApi.basics"/>
  <testcase name="addAndDelete" time="0.625" classname="RestApi.basics3"/>
  <testcase name="jiraApi" time="0.479" classname="RestApi.basics6"/>
  <testcase name="test1" time="0.786" classname="RestApi.basics5"/>
  <testcase name="jiraApi1" time="0.431" classname="RestApi.basics8"/>
  <testcase name="jiraApi1" time="0.296" classname="RestApi.basics7"/>
  <testcase name="createTweet" time="0.913" classname="RestApi.basics9"/>
  <testcase name="deleteTweet" time="0.661" classname="RestApi.basics9"/>
  <testcase name="getLatestTweet" time="0.848" classname="RestApi.basics9"/>
</testsuite> <!-- Test -->
