<?xml version="1.0" encoding="UTF-8"?>
<!-- Generated by org.testng.reporters.JUnitXMLReporter -->
<testsuite hostname="ind496" name="Test" tests="11" failures="0" timestamp="30 Jan 2018 09:02:01 GMT" time="50.744" errors="0">
  <testcase name="postData" time="2.764" classname="RestApi.basics2"/>
  <testcase name="postData" time="0.292" classname="RestApi.basics4"/>
  <testcase name="test1" time="0.775" classname="RestApi.basics"/>
  <testcase name="addAndDelete" time="0.53" classname="RestApi.basics3"/>
  <testcase name="jiraApi" time="0.487" classname="RestApi.basics6"/>
  <testcase name="test1" time="0.739" classname="RestApi.basics5"/>
  <testcase name="jiraApi1" time="0.647" classname="RestApi.basics8"/>
  <testcase name="jiraApi1" time="0.316" classname="RestApi.basics7"/>
  <testcase name="createTweet" time="0.847" classname="RestApi.basics9"/>
  <testcase name="deleteTweet" time="42.662" classname="RestApi.basics9"/>
  <testcase name="getLatestTweet" time="0.659" classname="RestApi.basics9"/>
</testsuite> <!-- Test -->
