<?xml version="1.0" encoding="UTF-8" ?>
<testsuite tests="11" failures="0" name="TestSuite" time="52.808" errors="0" skipped="0">
  <properties>
[...]
</properties>
  <testcase classname="RestApi.basics2" name="postData" time="2.764"/>
  <testcase classname="RestApi.basics4" name="postData" time="0.292"/>
  <testcase classname="RestApi.basics" name="test1" time="0.775"/>
  <testcase classname="RestApi.basics3" name="addAndDelete" time="0.53"/>
  <testcase classname="RestApi.basics6" name="jiraApi" time="0.487"/>
  <testcase classname="RestApi.basics5" name="test1" time="0.739"/>
  <testcase classname="RestApi.basics8" name="jiraApi1" time="0.647"/>
  <testcase classname="RestApi.basics7" name="jiraApi1" time="0.316"/>
  <testcase classname="RestApi.basics9" name="createTweet" time="0.847"/>
  <testcase classname="RestApi.basics9" name="deleteTweet" time="42.662"/>
  <testcase classname="RestApi.basics9" name="getLatestTweet" time="0.659"/>
</testsuite>